{"C:\\Users\\edwin\\OneDrive\\Escritorio\\Api_ecomerce\\controllers\\orderController.js": {"path":"C:\\Users\\edwin\\OneDrive\\Escritorio\\Api_ecomerce\\controllers\\orderController.js","statementMap":{"0":{"start":{"line":3,"column":28},"end":{"line":12,"column":1}},"1":{"start":{"line":4,"column":2},"end":{"line":11,"column":3}},"2":{"start":{"line":5,"column":19},"end":{"line":5,"column":55}},"3":{"start":{"line":6,"column":4},"end":{"line":6,"column":40}},"4":{"start":{"line":8,"column":4},"end":{"line":10,"column":69}},"5":{"start":{"line":14,"column":28},"end":{"line":26,"column":1}},"6":{"start":{"line":15,"column":2},"end":{"line":25,"column":3}},"7":{"start":{"line":16,"column":20},"end":{"line":16,"column":55}},"8":{"start":{"line":17,"column":4},"end":{"line":19,"column":5}},"9":{"start":{"line":18,"column":6},"end":{"line":18,"column":71}},"10":{"start":{"line":20,"column":4},"end":{"line":20,"column":41}},"11":{"start":{"line":22,"column":4},"end":{"line":24,"column":61}},"12":{"start":{"line":28,"column":27},"end":{"line":37,"column":1}},"13":{"start":{"line":29,"column":50},"end":{"line":29,"column":58}},"14":{"start":{"line":30,"column":2},"end":{"line":36,"column":3}},"15":{"start":{"line":31,"column":21},"end":{"line":31,"column":71}},"16":{"start":{"line":32,"column":4},"end":{"line":32,"column":26}},"17":{"start":{"line":33,"column":4},"end":{"line":33,"column":42}},"18":{"start":{"line":35,"column":4},"end":{"line":35,"column":80}},"19":{"start":{"line":40,"column":27},"end":{"line":56,"column":1}},"20":{"start":{"line":41,"column":2},"end":{"line":55,"column":3}},"21":{"start":{"line":42,"column":24},"end":{"line":42,"column":59}},"22":{"start":{"line":43,"column":4},"end":{"line":52,"column":5}},"23":{"start":{"line":44,"column":48},"end":{"line":44,"column":56}},"24":{"start":{"line":45,"column":6},"end":{"line":45,"column":62}},"25":{"start":{"line":46,"column":6},"end":{"line":46,"column":71}},"26":{"start":{"line":47,"column":6},"end":{"line":47,"column":56}},"27":{"start":{"line":48,"column":6},"end":{"line":48,"column":31}},"28":{"start":{"line":49,"column":6},"end":{"line":49,"column":67}},"29":{"start":{"line":51,"column":6},"end":{"line":51,"column":71}},"30":{"start":{"line":54,"column":4},"end":{"line":54,"column":85}},"31":{"start":{"line":59,"column":31},"end":{"line":72,"column":1}},"32":{"start":{"line":60,"column":2},"end":{"line":71,"column":3}},"33":{"start":{"line":61,"column":26},"end":{"line":61,"column":61}},"34":{"start":{"line":62,"column":4},"end":{"line":68,"column":5}},"35":{"start":{"line":63,"column":6},"end":{"line":63,"column":42}},"36":{"start":{"line":64,"column":6},"end":{"line":64,"column":33}},"37":{"start":{"line":65,"column":6},"end":{"line":65,"column":64}},"38":{"start":{"line":67,"column":6},"end":{"line":67,"column":71}},"39":{"start":{"line":70,"column":4},"end":{"line":70,"column":83}}},"fnMap":{"0":{"name":"(anonymous_0)","decl":{"start":{"line":3,"column":28},"end":{"line":3,"column":29}},"loc":{"start":{"line":3,"column":48},"end":{"line":12,"column":1}},"line":3},"1":{"name":"(anonymous_1)","decl":{"start":{"line":14,"column":28},"end":{"line":14,"column":29}},"loc":{"start":{"line":14,"column":48},"end":{"line":26,"column":1}},"line":14},"2":{"name":"(anonymous_2)","decl":{"start":{"line":28,"column":27},"end":{"line":28,"column":28}},"loc":{"start":{"line":28,"column":47},"end":{"line":37,"column":1}},"line":28},"3":{"name":"(anonymous_3)","decl":{"start":{"line":40,"column":27},"end":{"line":40,"column":28}},"loc":{"start":{"line":40,"column":47},"end":{"line":56,"column":1}},"line":40},"4":{"name":"(anonymous_4)","decl":{"start":{"line":59,"column":31},"end":{"line":59,"column":32}},"loc":{"start":{"line":59,"column":51},"end":{"line":72,"column":1}},"line":59}},"branchMap":{"0":{"loc":{"start":{"line":17,"column":4},"end":{"line":19,"column":5}},"type":"if","locations":[{"start":{"line":17,"column":4},"end":{"line":19,"column":5}},{"start":{},"end":{}}],"line":17},"1":{"loc":{"start":{"line":17,"column":8},"end":{"line":17,"column":36}},"type":"binary-expr","locations":[{"start":{"line":17,"column":8},"end":{"line":17,"column":16}},{"start":{"line":17,"column":20},"end":{"line":17,"column":36}}],"line":17},"2":{"loc":{"start":{"line":43,"column":4},"end":{"line":52,"column":5}},"type":"if","locations":[{"start":{"line":43,"column":4},"end":{"line":52,"column":5}},{"start":{"line":50,"column":11},"end":{"line":52,"column":5}}],"line":43},"3":{"loc":{"start":{"line":45,"column":29},"end":{"line":45,"column":61}},"type":"binary-expr","locations":[{"start":{"line":45,"column":29},"end":{"line":45,"column":37}},{"start":{"line":45,"column":41},"end":{"line":45,"column":61}}],"line":45},"4":{"loc":{"start":{"line":46,"column":32},"end":{"line":46,"column":70}},"type":"binary-expr","locations":[{"start":{"line":46,"column":32},"end":{"line":46,"column":43}},{"start":{"line":46,"column":47},"end":{"line":46,"column":70}}],"line":46},"5":{"loc":{"start":{"line":47,"column":27},"end":{"line":47,"column":55}},"type":"binary-expr","locations":[{"start":{"line":47,"column":27},"end":{"line":47,"column":33}},{"start":{"line":47,"column":37},"end":{"line":47,"column":55}}],"line":47},"6":{"loc":{"start":{"line":62,"column":4},"end":{"line":68,"column":5}},"type":"if","locations":[{"start":{"line":62,"column":4},"end":{"line":68,"column":5}},{"start":{"line":66,"column":11},"end":{"line":68,"column":5}}],"line":62}},"s":{"0":1,"1":2,"2":2,"3":1,"4":1,"5":1,"6":2,"7":2,"8":1,"9":0,"10":1,"11":1,"12":1,"13":2,"14":2,"15":2,"16":0,"17":0,"18":2,"19":1,"20":2,"21":2,"22":2,"23":2,"24":2,"25":2,"26":2,"27":2,"28":1,"29":0,"30":1,"31":1,"32":2,"33":2,"34":2,"35":2,"36":2,"37":1,"38":0,"39":1},"f":{"0":2,"1":2,"2":2,"3":2,"4":2},"b":{"0":[0,1],"1":[1,1],"2":[2,0],"3":[2,2],"4":[2,0],"5":[2,2],"6":[2,0]},"_coverageSchema":"1a1c01bbd47fc00a2c39e90264f33305004495a9","hash":"a26e3dae3d9f3233fa0d46ed06e18ef5ba362893"}
}
