{"C:\\Users\\nicolas\\bootcamp\\modulo 4\\Api_ecommerce\\Api-ecommerce\\controllers\\categoryController.js": {"path":"C:\\Users\\nicolas\\bootcamp\\modulo 4\\Api_ecommerce\\Api-ecommerce\\controllers\\categoryController.js","statementMap":{"0":{"start":{"line":3,"column":22},"end":{"line":11,"column":1}},"1":{"start":{"line":4,"column":2},"end":{"line":10,"column":3}},"2":{"start":{"line":5,"column":23},"end":{"line":5,"column":67}},"3":{"start":{"line":6,"column":4},"end":{"line":6,"column":32}},"4":{"start":{"line":8,"column":4},"end":{"line":8,"column":23}},"5":{"start":{"line":9,"column":4},"end":{"line":9,"column":61}},"6":{"start":{"line":13,"column":23},"end":{"line":21,"column":1}},"7":{"start":{"line":14,"column":2},"end":{"line":20,"column":3}},"8":{"start":{"line":15,"column":21},"end":{"line":15,"column":64}},"9":{"start":{"line":16,"column":4},"end":{"line":16,"column":30}},"10":{"start":{"line":18,"column":4},"end":{"line":18,"column":23}},"11":{"start":{"line":19,"column":4},"end":{"line":19,"column":59}},"12":{"start":{"line":23,"column":22},"end":{"line":37,"column":1}},"13":{"start":{"line":24,"column":56},"end":{"line":24,"column":64}},"14":{"start":{"line":25,"column":2},"end":{"line":36,"column":3}},"15":{"start":{"line":26,"column":24},"end":{"line":31,"column":6}},"16":{"start":{"line":32,"column":4},"end":{"line":32,"column":45}},"17":{"start":{"line":34,"column":4},"end":{"line":34,"column":23}},"18":{"start":{"line":35,"column":4},"end":{"line":35,"column":62}},"19":{"start":{"line":39,"column":22},"end":{"line":56,"column":1}},"20":{"start":{"line":40,"column":25},"end":{"line":40,"column":68}},"21":{"start":{"line":41,"column":2},"end":{"line":55,"column":3}},"22":{"start":{"line":42,"column":72},"end":{"line":42,"column":80}},"23":{"start":{"line":44,"column":4},"end":{"line":44,"column":54}},"24":{"start":{"line":45,"column":4},"end":{"line":45,"column":75}},"25":{"start":{"line":46,"column":4},"end":{"line":46,"column":69}},"26":{"start":{"line":47,"column":4},"end":{"line":47,"column":75}},"27":{"start":{"line":48,"column":4},"end":{"line":48,"column":90}},"28":{"start":{"line":50,"column":4},"end":{"line":50,"column":32}},"29":{"start":{"line":52,"column":4},"end":{"line":52,"column":53}},"30":{"start":{"line":54,"column":4},"end":{"line":54,"column":64}},"31":{"start":{"line":58,"column":23},"end":{"line":76,"column":1}},"32":{"start":{"line":59,"column":2},"end":{"line":75,"column":3}},"33":{"start":{"line":60,"column":23},"end":{"line":60,"column":36}},"34":{"start":{"line":61,"column":28},"end":{"line":61,"column":68}},"35":{"start":{"line":63,"column":4},"end":{"line":65,"column":5}},"36":{"start":{"line":64,"column":6},"end":{"line":64,"column":74}},"37":{"start":{"line":67,"column":4},"end":{"line":67,"column":55}},"38":{"start":{"line":69,"column":4},"end":{"line":71,"column":7}},"39":{"start":{"line":73,"column":4},"end":{"line":73,"column":60}},"40":{"start":{"line":74,"column":4},"end":{"line":74,"column":75}}},"fnMap":{"0":{"name":"(anonymous_0)","decl":{"start":{"line":3,"column":22},"end":{"line":3,"column":23}},"loc":{"start":{"line":3,"column":40},"end":{"line":11,"column":1}},"line":3},"1":{"name":"(anonymous_1)","decl":{"start":{"line":13,"column":23},"end":{"line":13,"column":24}},"loc":{"start":{"line":13,"column":43},"end":{"line":21,"column":1}},"line":13},"2":{"name":"(anonymous_2)","decl":{"start":{"line":23,"column":22},"end":{"line":23,"column":23}},"loc":{"start":{"line":23,"column":40},"end":{"line":37,"column":1}},"line":23},"3":{"name":"(anonymous_3)","decl":{"start":{"line":39,"column":22},"end":{"line":39,"column":23}},"loc":{"start":{"line":39,"column":42},"end":{"line":56,"column":1}},"line":39},"4":{"name":"(anonymous_4)","decl":{"start":{"line":58,"column":23},"end":{"line":58,"column":24}},"loc":{"start":{"line":58,"column":42},"end":{"line":76,"column":1}},"line":58}},"branchMap":{"0":{"loc":{"start":{"line":41,"column":2},"end":{"line":55,"column":3}},"type":"if","locations":[{"start":{"line":41,"column":2},"end":{"line":55,"column":3}},{"start":{"line":53,"column":9},"end":{"line":55,"column":3}}],"line":41},"1":{"loc":{"start":{"line":44,"column":26},"end":{"line":44,"column":53}},"type":"binary-expr","locations":[{"start":{"line":44,"column":26},"end":{"line":44,"column":30}},{"start":{"line":44,"column":34},"end":{"line":44,"column":53}}],"line":44},"2":{"loc":{"start":{"line":45,"column":33},"end":{"line":45,"column":74}},"type":"binary-expr","locations":[{"start":{"line":45,"column":33},"end":{"line":45,"column":44}},{"start":{"line":45,"column":48},"end":{"line":45,"column":74}}],"line":45},"3":{"loc":{"start":{"line":46,"column":31},"end":{"line":46,"column":68}},"type":"binary-expr","locations":[{"start":{"line":46,"column":31},"end":{"line":46,"column":40}},{"start":{"line":46,"column":44},"end":{"line":46,"column":68}}],"line":46},"4":{"loc":{"start":{"line":47,"column":33},"end":{"line":47,"column":74}},"type":"binary-expr","locations":[{"start":{"line":47,"column":33},"end":{"line":47,"column":44}},{"start":{"line":47,"column":48},"end":{"line":47,"column":74}}],"line":47},"5":{"loc":{"start":{"line":48,"column":30},"end":{"line":48,"column":89}},"type":"cond-expr","locations":[{"start":{"line":48,"column":55},"end":{"line":48,"column":63}},{"start":{"line":48,"column":66},"end":{"line":48,"column":89}}],"line":48},"6":{"loc":{"start":{"line":63,"column":4},"end":{"line":65,"column":5}},"type":"if","locations":[{"start":{"line":63,"column":4},"end":{"line":65,"column":5}},{"start":{},"end":{}}],"line":63}},"s":{"0":1,"1":2,"2":2,"3":1,"4":1,"5":1,"6":1,"7":2,"8":2,"9":1,"10":1,"11":1,"12":1,"13":1,"14":1,"15":1,"16":0,"17":1,"18":1,"19":1,"20":0,"21":0,"22":0,"23":0,"24":0,"25":0,"26":0,"27":0,"28":0,"29":0,"30":0,"31":1,"32":0,"33":0,"34":0,"35":0,"36":0,"37":0,"38":0,"39":0,"40":0},"f":{"0":2,"1":2,"2":1,"3":0,"4":0},"b":{"0":[0,0],"1":[0,0],"2":[0,0],"3":[0,0],"4":[0,0],"5":[0,0],"6":[0,0]},"_coverageSchema":"1a1c01bbd47fc00a2c39e90264f33305004495a9","hash":"c69c3a7d5b3305f77dcaf441277939a7f1272c31"}
}
