TN:
SF:controllers\categoryController.js
FN:3,(anonymous_0)
FN:13,(anonymous_1)
FN:23,(anonymous_2)
FN:39,(anonymous_3)
FN:58,(anonymous_4)
FNF:5
FNH:3
FNDA:2,(anonymous_0)
FNDA:2,(anonymous_1)
FNDA:1,(anonymous_2)
FNDA:0,(anonymous_3)
FNDA:0,(anonymous_4)
DA:3,1
DA:4,2
DA:5,2
DA:6,1
DA:8,1
DA:9,1
DA:13,1
DA:14,2
DA:15,2
DA:16,1
DA:18,1
DA:19,1
DA:23,1
DA:24,1
DA:25,1
DA:26,1
DA:32,0
DA:34,1
DA:35,1
DA:39,1
DA:40,0
DA:41,0
DA:42,0
DA:44,0
DA:45,0
DA:46,0
DA:47,0
DA:48,0
DA:50,0
DA:52,0
DA:54,0
DA:58,1
DA:59,0
DA:60,0
DA:61,0
DA:63,0
DA:64,0
DA:67,0
DA:69,0
DA:73,0
DA:74,0
LF:41
LH:20
BRDA:41,0,0,0
BRDA:41,0,1,0
BRDA:44,1,0,0
BRDA:44,1,1,0
BRDA:45,2,0,0
BRDA:45,2,1,0
BRDA:46,3,0,0
BRDA:46,3,1,0
BRDA:47,4,0,0
BRDA:47,4,1,0
BRDA:48,5,0,0
BRDA:48,5,1,0
BRDA:63,6,0,0
BRDA:63,6,1,0
BRF:14
BRH:0
end_of_record
